<?xml version="1.0" encoding="UTF-8"?><testsuite name="Firefox_330_Windows.client" errors="8" failures="0" tests="8" time="0.0050000004">
<testcase classname="Firefox_330_Windows.client" name="test test_createclient" time="0.001">
<error type="error">[{"message":"drivers.DB is not a constructor","name":"TypeError","fileName":"http://localhost:9876/test/test/client_test.js","lineNumber":4,"stack":"@http://localhost:9876/test/test/client_test.js:4:30\n@http://localhost:9876/test/JSTDQUA/QUnitAdapter.js:47:28\njstestdriver.plugins.TestRunnerPlugin.prototype.runTest@http://localhost:9876/static/runner.js:5403:7\nrunTest@http://localhost:9876/test/com/google/jstestdriver/coverage/javascript/LCOV.js:201:21\ncoverage&lt;/TestResultIterator.prototype.runNext@http://localhost:9876/test/com/google/jstestdriver/coverage/javascript/LCOV.js:292:5\ncoverage&lt;/InstrumentedTestCaseRunner.prototype.run@http://localhost:9876/test/com/google/jstestdriver/coverage/javascript/LCOV.js:250:7\ncoverage&lt;/InstrumentedTestCaseRunnerPlugin.prototype.runTestConfiguration@http://localhost:9876/test/com/google/jstestdriver/coverage/javascript/LCOV.js:221:5\njstestdriver.PluginRegistrar.prototype.dispatch_@http://localhost:9876/static/runner.js:1603:11\njstestdriver.PluginRegistrar.prototype.runTestConfiguration@http://localhost:9876/static/runner.js:1693:3\njstestdriver.TestRunner.prototype.runConfiguration@http://localhost:9876/static/runner.js:2817:1\njstestdriver.TestRunner.prototype.runNextConfiguration_@http://localhost:9876/static/runner.js:2795:1\nbound@http://localhost:9876/static/jstestdrivernamespace.js:71:12\ncoverage&lt;/InstrumentedTestCaseRunner.prototype.run@http://localhost:9876/test/com/google/jstestdriver/coverage/javascript/LCOV.js:248:7\nbound@http://localhost:9876/static/jstestdrivernamespace.js:71:12\n"}]</error>
</testcase>
<testcase classname="Firefox_330_Windows.client" name="test test_removeclient" time="0.0">
<error type="error">[{"message":"drivers.DB is not a constructor","name":"TypeError","fileName":"http://localhost:9876/test/test/client_test.js","lineNumber":11,"stack":"@http://localhost:9876/test/test/client_test.js:11:31\n@http://localhost:9876/test/JSTDQUA/QUnitAdapter.js:47:28\njstestdriver.plugins.TestRunnerPlugin.prototype.runTest@http://localhost:9876/static/runner.js:5403:7\nrunTest@http://localhost:9876/test/com/google/jstestdriver/coverage/javascript/LCOV.js:201:21\ncoverage&lt;/TestResultIterator.prototype.runNext@http://localhost:9876/test/com/google/jstestdriver/coverage/javascript/LCOV.js:292:5\ncoverage&lt;/InstrumentedTestCaseRunner.prototype.run@http://localhost:9876/test/com/google/jstestdriver/coverage/javascript/LCOV.js:250:7\nbound@http://localhost:9876/static/jstestdrivernamespace.js:71:12\n"}]</error>
</testcase>
<testcase classname="Firefox_330_Windows.client" name="test test_getclient" time="0.001">
<error type="error">[{"message":"drivers.DB is not a constructor","name":"TypeError","fileName":"http://localhost:9876/test/test/client_test.js","lineNumber":21,"stack":"@http://localhost:9876/test/test/client_test.js:21:31\n@http://localhost:9876/test/JSTDQUA/QUnitAdapter.js:47:28\njstestdriver.plugins.TestRunnerPlugin.prototype.runTest@http://localhost:9876/static/runner.js:5403:7\nrunTest@http://localhost:9876/test/com/google/jstestdriver/coverage/javascript/LCOV.js:201:21\ncoverage&lt;/TestResultIterator.prototype.runNext@http://localhost:9876/test/com/google/jstestdriver/coverage/javascript/LCOV.js:292:5\ncoverage&lt;/InstrumentedTestCaseRunner.prototype.run@http://localhost:9876/test/com/google/jstestdriver/coverage/javascript/LCOV.js:250:7\nbound@http://localhost:9876/static/jstestdrivernamespace.js:71:12\n"}]</error>
</testcase>
<testcase classname="Firefox_330_Windows.client" name="test test_editclient" time="0.001">
<error type="error">[{"message":"drivers.DB is not a constructor","name":"TypeError","fileName":"http://localhost:9876/test/test/client_test.js","lineNumber":29,"stack":"@http://localhost:9876/test/test/client_test.js:29:31\n@http://localhost:9876/test/JSTDQUA/QUnitAdapter.js:47:28\njstestdriver.plugins.TestRunnerPlugin.prototype.runTest@http://localhost:9876/static/runner.js:5403:7\nrunTest@http://localhost:9876/test/com/google/jstestdriver/coverage/javascript/LCOV.js:201:21\ncoverage&lt;/TestResultIterator.prototype.runNext@http://localhost:9876/test/com/google/jstestdriver/coverage/javascript/LCOV.js:292:5\ncoverage&lt;/InstrumentedTestCaseRunner.prototype.run@http://localhost:9876/test/com/google/jstestdriver/coverage/javascript/LCOV.js:250:7\nbound@http://localhost:9876/static/jstestdrivernamespace.js:71:12\n"}]</error>
</testcase>
<testcase classname="Firefox_330_Windows.client" name="test test_adddog" time="0.0">
<error type="error">[{"message":"drivers.DB is not a constructor","name":"TypeError","fileName":"http://localhost:9876/test/test/client_test.js","lineNumber":43,"stack":"@http://localhost:9876/test/test/client_test.js:43:31\n@http://localhost:9876/test/JSTDQUA/QUnitAdapter.js:47:28\njstestdriver.plugins.TestRunnerPlugin.prototype.runTest@http://localhost:9876/static/runner.js:5403:7\nrunTest@http://localhost:9876/test/com/google/jstestdriver/coverage/javascript/LCOV.js:201:21\ncoverage&lt;/TestResultIterator.prototype.runNext@http://localhost:9876/test/com/google/jstestdriver/coverage/javascript/LCOV.js:292:5\ncoverage&lt;/InstrumentedTestCaseRunner.prototype.run@http://localhost:9876/test/com/google/jstestdriver/coverage/javascript/LCOV.js:250:7\nbound@http://localhost:9876/static/jstestdrivernamespace.js:71:12\n"}]</error>
</testcase>
<testcase classname="Firefox_330_Windows.client" name="test test_removedog" time="0.001">
<error type="error">[{"message":"drivers.DB is not a constructor","name":"TypeError","fileName":"http://localhost:9876/test/test/client_test.js","lineNumber":58,"stack":"@http://localhost:9876/test/test/client_test.js:58:31\n@http://localhost:9876/test/JSTDQUA/QUnitAdapter.js:47:28\njstestdriver.plugins.TestRunnerPlugin.prototype.runTest@http://localhost:9876/static/runner.js:5403:7\nrunTest@http://localhost:9876/test/com/google/jstestdriver/coverage/javascript/LCOV.js:201:21\ncoverage&lt;/TestResultIterator.prototype.runNext@http://localhost:9876/test/com/google/jstestdriver/coverage/javascript/LCOV.js:292:5\ncoverage&lt;/InstrumentedTestCaseRunner.prototype.run@http://localhost:9876/test/com/google/jstestdriver/coverage/javascript/LCOV.js:250:7\nbound@http://localhost:9876/static/jstestdrivernamespace.js:71:12\n"}]</error>
</testcase>
<testcase classname="Firefox_330_Windows.client" name="test test_getdog" time="0.0">
<error type="error">[{"message":"drivers.DB is not a constructor","name":"TypeError","fileName":"http://localhost:9876/test/test/client_test.js","lineNumber":78,"stack":"@http://localhost:9876/test/test/client_test.js:78:31\n@http://localhost:9876/test/JSTDQUA/QUnitAdapter.js:47:28\njstestdriver.plugins.TestRunnerPlugin.prototype.runTest@http://localhost:9876/static/runner.js:5403:7\nrunTest@http://localhost:9876/test/com/google/jstestdriver/coverage/javascript/LCOV.js:201:21\ncoverage&lt;/TestResultIterator.prototype.runNext@http://localhost:9876/test/com/google/jstestdriver/coverage/javascript/LCOV.js:292:5\ncoverage&lt;/InstrumentedTestCaseRunner.prototype.run@http://localhost:9876/test/com/google/jstestdriver/coverage/javascript/LCOV.js:250:7\nbound@http://localhost:9876/static/jstestdrivernamespace.js:71:12\n"}]</error>
</testcase>
<testcase classname="Firefox_330_Windows.client" name="test test_editdog" time="0.001">
<error type="error">[{"message":"drivers.Database is not a constructor","name":"TypeError","fileName":"http://localhost:9876/test/test/client_test.js","lineNumber":95,"stack":"@http://localhost:9876/test/test/client_test.js:95:31\n@http://localhost:9876/test/JSTDQUA/QUnitAdapter.js:47:28\njstestdriver.plugins.TestRunnerPlugin.prototype.runTest@http://localhost:9876/static/runner.js:5403:7\nrunTest@http://localhost:9876/test/com/google/jstestdriver/coverage/javascript/LCOV.js:201:21\ncoverage&lt;/TestResultIterator.prototype.runNext@http://localhost:9876/test/com/google/jstestdriver/coverage/javascript/LCOV.js:292:5\ncoverage&lt;/InstrumentedTestCaseRunner.prototype.run@http://localhost:9876/test/com/google/jstestdriver/coverage/javascript/LCOV.js:250:7\nbound@http://localhost:9876/static/jstestdrivernamespace.js:71:12\n"}]</error>
</testcase>
</testsuite>
