<?xml version="1.0" encoding="UTF-8"?><testsuite name="Firefox_330_Windows.employe" errors="3" failures="0" tests="3" time="0.0050000004">
<testcase classname="Firefox_330_Windows.employe" name="test test_employeconnect_ok" time="0.003">
<error type="error">[{"message":"drivers.Database is not a function","name":"TypeError","fileName":"http://localhost:9876/test/test/employe_test.js","lineNumber":24,"stack":"getDB@http://localhost:9876/test/test/employe_test.js:24:25\n@http://localhost:9876/test/test/employe_test.js:28:26\n@http://localhost:9876/test/JSTDQUA/QUnitAdapter.js:47:28\njstestdriver.plugins.TestRunnerPlugin.prototype.runTest@http://localhost:9876/static/runner.js:5403:7\nrunTest@http://localhost:9876/test/com/google/jstestdriver/coverage/javascript/LCOV.js:201:21\ncoverage&lt;/TestResultIterator.prototype.runNext@http://localhost:9876/test/com/google/jstestdriver/coverage/javascript/LCOV.js:292:5\ncoverage&lt;/InstrumentedTestCaseRunner.prototype.run@http://localhost:9876/test/com/google/jstestdriver/coverage/javascript/LCOV.js:250:7\ncoverage&lt;/InstrumentedTestCaseRunnerPlugin.prototype.runTestConfiguration@http://localhost:9876/test/com/google/jstestdriver/coverage/javascript/LCOV.js:221:5\njstestdriver.PluginRegistrar.prototype.dispatch_@http://localhost:9876/static/runner.js:1603:11\njstestdriver.PluginRegistrar.prototype.runTestConfiguration@http://localhost:9876/static/runner.js:1693:3\njstestdriver.TestRunner.prototype.runConfiguration@http://localhost:9876/static/runner.js:2817:1\njstestdriver.TestRunner.prototype.runNextConfiguration_@http://localhost:9876/static/runner.js:2795:1\njstestdriver.TestRunner.prototype.runTests@http://localhost:9876/static/runner.js:2775:3\njstestdriver.RunTestsCommand.prototype.runTestCases_@http://localhost:9876/static/runner.js:3424:1\njstestdriver.RunTestsCommand.prototype.runTests@http://localhost:9876/static/runner.js:3416:1\nbound@http://localhost:9876/static/jstestdrivernamespace.js:71:12\njstestdriver.CommandExecutor.prototype.executeCommand@http://localhost:9876/static/runner.js:2995:5\nbound@http://localhost:9876/static/jstestdrivernamespace.js:71:12\n.handleSuccess@http://localhost:9876/static/lib/jquery-min.js:141:416\n.ajax/w.onreadystatechange@http://localhost:9876/static/lib/jquery-min.js:140:1\n"}]</error>
</testcase>
<testcase classname="Firefox_330_Windows.employe" name="test test_employeconnect_wrongpwd" time="0.001">
<error type="error">[{"message":"drivers.Database is not a function","name":"TypeError","fileName":"http://localhost:9876/test/test/employe_test.js","lineNumber":24,"stack":"getDB@http://localhost:9876/test/test/employe_test.js:24:25\n@http://localhost:9876/test/test/employe_test.js:36:26\n@http://localhost:9876/test/JSTDQUA/QUnitAdapter.js:47:28\njstestdriver.plugins.TestRunnerPlugin.prototype.runTest@http://localhost:9876/static/runner.js:5403:7\nrunTest@http://localhost:9876/test/com/google/jstestdriver/coverage/javascript/LCOV.js:201:21\ncoverage&lt;/TestResultIterator.prototype.runNext@http://localhost:9876/test/com/google/jstestdriver/coverage/javascript/LCOV.js:292:5\ncoverage&lt;/InstrumentedTestCaseRunner.prototype.run@http://localhost:9876/test/com/google/jstestdriver/coverage/javascript/LCOV.js:250:7\nbound@http://localhost:9876/static/jstestdrivernamespace.js:71:12\n"}]</error>
</testcase>
<testcase classname="Firefox_330_Windows.employe" name="test test_employeconnect_wronguser" time="0.001">
<error type="error">[{"message":"drivers.Database is not a function","name":"TypeError","fileName":"http://localhost:9876/test/test/employe_test.js","lineNumber":24,"stack":"getDB@http://localhost:9876/test/test/employe_test.js:24:25\n@http://localhost:9876/test/test/employe_test.js:44:26\n@http://localhost:9876/test/JSTDQUA/QUnitAdapter.js:47:28\njstestdriver.plugins.TestRunnerPlugin.prototype.runTest@http://localhost:9876/static/runner.js:5403:7\nrunTest@http://localhost:9876/test/com/google/jstestdriver/coverage/javascript/LCOV.js:201:21\ncoverage&lt;/TestResultIterator.prototype.runNext@http://localhost:9876/test/com/google/jstestdriver/coverage/javascript/LCOV.js:292:5\ncoverage&lt;/InstrumentedTestCaseRunner.prototype.run@http://localhost:9876/test/com/google/jstestdriver/coverage/javascript/LCOV.js:250:7\nbound@http://localhost:9876/static/jstestdrivernamespace.js:71:12\n"}]</error>
</testcase>
</testsuite>
